android/app/build/outputs/mapping/release/seeds.txt
com.example.untitled1.MainActivity
com.example.untitled1.MainActivity: MainActivity()
...
com.google.android.gms.internal.firebase-auth-api.zzhq: void zza(java.nio.ByteBuffer,byte[],byte[],byte[])
com.google.android.gms.internal.firebase-auth-api.zztb$zza: zztb$zza()
com.google.android.gms.internal.firebase-auth-api.zzaja$zzb: void zza(java.lang.Object,java.lang.Object)
com.google.android.gms.internal.firebase-auth-api.zzhk: int[] zza(byte[])
androidx.core.content.ContextCompat$Api30Impl: java.lang.String getAttributionTag(android.content.Context)
com.google.android.gms.internal.firebase-auth-api.zzuw: void zza(int)
com.google.android.gms.internal.auth.zzab: void zzf(com.google.android.gms.common.api.Status,java.lang.Object,com.google.android.gms.tasks.TaskCompletionSource)
com.google.android.gms.internal.auth-api.zbar: boolean getUseDynamicLookup()
io.flutter.embedding.engine.renderer.FlutterRenderer$ImageReaderSurfaceProducer: android.view.Surface getSurface()
com.google.android.gms.internal.firebase-auth-api.zzty: void zza(com.google.android.gms.internal.firebase-auth-api.zzty,com.google.android.gms.internal.firebase-auth-api.zzvi)
com.google.android.gms.internal.firebase-auth-api.zzacw$zza: void zza(android.app.Activity,java.util.List)
com.google.android.gms.internal.auth.zzh: com.google.android.gms.internal.auth.zzg zza(android.content.Context)
com.google.android.gms.internal.auth.zzhk: void zzb(byte,byte,byte,char[],int)
com.google.android.recaptcha.internal.zzjk: int zza()
com.google.android.gms.internal.firebase-auth-api.zzbm: com.google.android.gms.internal.firebase-auth-api.zzby zza(com.google.android.gms.internal.firebase-auth-api.zzcb)
com.google.android.recaptcha.internal.zzgt: com.google.android.recaptcha.internal.zzgw zzg(int,int)
com.google.android.gms.internal.firebase-auth-api.zzaq: java.lang.Object set(int,java.lang.Object)
com.google.android.gms.internal.firebase-auth-api.zzxl: zzxl(com.google.android.gms.internal.firebase-auth-api.zzxm)
com.google.android.gms.internal.firebase-auth-api.zzi: void remove()
io.grpc.util.OutlierDetectionLoadBalancerProvider: java.lang.String getPolicyName()
com.google.android.gms.internal.firebase-auth-api.zzace: void zza(com.google.android.gms.internal.firebase-auth-api.zzye,com.google.android.gms.internal.firebase-auth-api.zzacc)
com.google.android.gms.internal.firebase-auth-api.zzjv: com.google.android.gms.internal.firebase-auth-api.zzjv zza(com.google.android.gms.internal.firebase-auth-api.zzjl,java.security.spec.ECPoint,java.lang.Integer)
com.google.android.gms.internal.firebase-auth-api.zzanc: zzanc()
com.google.android.gms.internal.firebase-auth-api.zzgd: com.google.android.gms.internal.firebase-auth-api.zzge zzb(com.google.android.gms.internal.firebase-auth-api.zzos)
com.google.android.gms.internal.firebase-auth-api.zzys: void zza(java.lang.Object)
com.google.android.recaptcha.internal.zzim: com.google.android.recaptcha.internal.zzim zza()
io.flutter.view.AccessibilityViewEmbedder: boolean performAction(int,int,android.os.Bundle)
com.google.android.gms.internal.firebase-auth-api.zzaii: int zza(int,com.google.android.gms.internal.firebase-auth-api.zzajo)
com.google.android.gms.internal.fido.zzp: zzp(android.content.Context,android.os.Looper,com.google.android.gms.common.internal.ClientSettings,com.google.android.gms.common.api.GoogleApiClient$ConnectionCallbacks,com.google.android.gms.common.api.GoogleApiClient$OnConnectionFailedListener)
com.google.android.gms.internal.firebase-auth-api.zzaic: int zzc()
com.google.android.gms.internal.firebase-auth-api.zzkb: com.google.android.gms.internal.firebase-auth-api.zzjx zza(com.google.android.gms.internal.firebase-auth-api.zzos)
androidx.core.os.BundleApi21ImplKt: void putSize(android.os.Bundle,java.lang.String,android.util.Size)
com.google.android.recaptcha.internal.zzie: com.google.android.recaptcha.internal.zzir zza(com.google.android.recaptcha.internal.zzke,int)
com.google.android.recaptcha.internal.zzkr: void zzi(java.lang.Object,byte[],int,int,com.google.android.recaptcha.internal.zzgj)