android/app/build/outputs/mapping/release/usage.txt
com.example.untitled1.R$drawable
com.example.untitled1.R$mipmap
com.example.untitled1.R$string
com.example.untitled1.R$style
com.example.untitled1.R
...
com.google.firebase.firestore.proto.UnknownDocument:
    static synthetic void access$200(com.google.firebase.firestore.proto.UnknownDocument)
    static synthetic void access$300(com.google.firebase.firestore.proto.UnknownDocument,com.google.protobuf.ByteString)
    static synthetic void access$500(com.google.firebase.firestore.proto.UnknownDocument,com.google.protobuf.Timestamp)
    static synthetic void access$600(com.google.firebase.firestore.proto.UnknownDocument)
    private void clearName()
    private void clearVersion()
    public com.google.protobuf.ByteString getNameBytes()
    public boolean hasVersion()
    private void mergeVersion(com.google.protobuf.Timestamp)
    public static com.google.firebase.firestore.proto.UnknownDocument$Builder newBuilder(com.google.firebase.firestore.proto.UnknownDocument)
    public static com.google.firebase.firestore.proto.UnknownDocument parseDelimitedFrom(java.io.InputStream)
    public static com.google.firebase.firestore.proto.UnknownDocument parseDelimitedFrom(java.io.InputStream,com.google.protobuf.ExtensionRegistryLite)
    public static com.google.firebase.firestore.proto.UnknownDocument parseFrom(com.google.protobuf.ByteString)
    public static com.google.firebase.firestore.proto.UnknownDocument parseFrom(com.google.protobuf.ByteString,com.google.protobuf.ExtensionRegistryLite)
    public static com.google.firebase.firestore.proto.UnknownDocument parseFrom(com.google.protobuf.CodedInputStream)
com.google.firebase.firestore.proto.UnknownDocumentOrBuilder
com.google.firebase.firestore.proto.WriteBatch$Builder:
    public com.google.firebase.firestore.proto.WriteBatch$Builder addAllBaseWrites(java.lang.Iterable)
    public com.google.firebase.firestore.proto.WriteBatch$Builder addAllWrites(java.lang.Iterable)
    public com.google.firebase.firestore.proto.WriteBatch$Builder addBaseWrites(int,com.google.firestore.v1.Write$Builder)
    public com.google.firebase.firestore.proto.WriteBatch$Builder addBaseWrites(int,com.google.firestore.v1.Write)
    public com.google.firebase.firestore.proto.WriteBatch$Builder addBaseWrites(com.google.firestore.v1.Write$Builder)
    public com.google.firebase.firestore.proto.WriteBatch$Builder addWrites(int,com.google.firestore.v1.Write$Builder)
    public com.google.firebase.firestore.proto.WriteBatch$Builder addWrites(int,com.google.firestore.v1.Write)
    public com.google.firebase.firestore.proto.WriteBatch$Builder addWrites(com.google.firestore.v1.Write$Builder)
    public com.google.firebase.firestore.proto.WriteBatch$Builder clearBaseWrites()
    public com.google.firebase.firestore.proto.WriteBatch$Builder clearBatchId()
    public com.google.firebase.firestore.proto.WriteBatch$Builder clearLocalWriteTime()
    public com.google.firebase.firestore.proto.WriteBatch$Builder clearWrites()
    public com.google.firestore.v1.Write getBaseWrites(int)
    public int getBaseWritesCount()
    public java.util.List getBaseWritesList()
    public int getBatchId()